<?xml version="1.0" encoding="UTF-8"?>
<!-- Generated by org.testng.reporters.JUnitReportReporter -->
<testsuite skipped="0" hostname="Admin-PC" name="com.qa.planetfashion.test.HomeTest" tests="1" failures="0" timestamp="18 May 2018 17:26:58 GMT" time="2.990" errors="0">
  <testcase name="HomeTitleTest" time="2.990" classname="com.qa.planetfashion.test.HomeTest"/>
</testsuite> <!-- com.qa.planetfashion.test.HomeTest -->
